02/06/2019                                                  ALBIA SOCCER CLUB FUNDRAISER  
                                                                  MCFARLAND DIVISION
                                                                     SALE REPORT                   

LAST NAME        FIRST NAME       ADDRESS          CITY       STATE    ZIP       POP TYPE     QUANTITY   TEAM  DEPOSIT        TOTAL    
Fox              Paxton           1934 Railroad S  Corona       MO   243161751   Sprite           70       B     $0.00      $1,309.70
Pearson          Warren           7506 Cemetery R  San Juan C   MI   450787220   Diet Cherry Coke 96       C   $230.40      $2,026.56
Campos           Lincoln          0859 Magnolia D  New London   MI   461983912   Cherry Coke      32       E    $76.80        $675.52
Owens            Kayson           7480 Harrison A  Moscow       MO   876748740   Mello Yello      30       E     $0.00        $561.30
Hawkins          Ryder            6854 Main Stree  Lompoc       NE   416060670   Cherry Coke      25       C    $30.00        $497.75
Gibbs            Brooks           7844 Henry Stre  Ouray        IL   624125037   Diet Cherry Coke 15       B     $0.00        $280.65
Robbins          Roy              0656 Willow Str  Irvine       MO   623364114   Mello Yello      34       C     $0.00        $636.14
MannZimmerman    Zaiden           7781 Hudson Str  Salinas      IA   303518840   Sprite           30       B    $36.00        $597.30
Frazier          Landen           9547 Hamilton R  Kahului      WI   631433072   Mello Yello      37       D    $44.40        $736.67
Floyd            Troy             3050 Elm Avenue  Warm Sprin   MI   938813079   Coke             8        E    $19.20        $168.88
Jordan           Andrew           7893 Brown Stre  De Land      IA   543680319   Coke             69       A    $82.80      $1,373.79



                                                            ALBIA SOCCER CLUB FUNDRAISER  
                                                                  MCFARLAND DIVISION
                                                                     SALE REPORT                   
Coke                79   Diet Coke           0    Mello Yello         104  

Cherry Coke         59   Diet Cherry Coke    113  Sprite              102  

TEAM SALES

A    $1,373.79      


B    $2,187.65      


C    $3,160.45      


D    $736.67        


E    $1,405.70      

