          01/28/2019                                             IHCC                          
                                                          Fundraiser Report                    

          Student ID                         Gender                        Major                                                 Donation                           

          1359349                            Female                        Computer Software Development                         $8,062.10                          
          1295932                            Female                        Computer Software Development                         $6,415.82                          
          6899461                            Male                          Computer Software Development                         $4,522.44                          

          Major: Computer Software Development                             Student Counter: 3                    Total Donation: $19,000.36          

          9854248                            Male                          Diesel Power Systems Technology                       $4,199.66                          
          2829601                            Male                          Diesel Power Systems Technology                       $3,427.07                          

          Major: Diesel Power Systems Technology                           Student Counter: 2                    Total Donation: $7,626.73           

          2931348                            Male                          Automotive Technology                                 $3,253.60                          
          9211085                            Male                          Automotive Technology                                 $5,115.45                          
          3615045                            Female                        Automotive Technology                                 $3,450.63                          

          Major: Automotive Technology                                     Student Counter: 3                    Total Donation: $11,819.68          

          9180331                            Female                        Laser/Electro-Optics Technology                       $4,247.86                          
          3475477                            Male                          Laser/Electro-Optics Technology                       $6,152.78                          

          Major: Laser/Electro-Optics Technology                           Student Counter: 2                    Total Donation: $10,400.64          

          9906512                            Male                          Robotics/Automation Technology                        $1,739.28                          

          Major: Robotics/Automation Technology                            Student Counter: 1                    Total Donation: $1,739.28           

          9420556                            Female                        Digital Forensics                                     $7,942.73                          

          Major: Digital Forensics                                         Student Counter: 1                    Total Donation: $7,942.73           

          1144836                            Male                          Machine Technology                                    $9,376.92                          

          Major: Machine Technology                                        Student Counter: 1                    Total Donation: $9,376.92           

          9699563                            Female                        Geospatial Technology                                 $5,077.96                          

          Major: Geospatial Technology                                     Student Counter: 1                    Total Donation: $5,077.96           

          5400502                            Female                        Administrative Assistant                              $8,532.50                          

          Major: Administrative Assistant                                  Student Counter: 1                    Total Donation: $8,532.50           

          9577934                            Male                          Accounting Assistant                                  $3,002.31                          

          Major: Accounting Assistant                                      Student Counter: 1                    Total Donation: $3,002.31           

          7835223                            Male                          Welding Technology                                    $3,793.22                          

          Major: Welding Technology                                        Student Counter: 1                    Total Donation: $3,793.22           

          9017301                            Male                          Automotive Collision Technology                       $8,646.37                          
          5532650                            Female                        Automotive Collision Technology                       $2,577.40                          

          Major: Automotive Collision Technology                           Student Counter: 2                    Total Donation: $11,223.77          

          2719792                            Male                          Aviation Pilot Training                               $6,225.72                          

          Major: Aviation Pilot Training                                   Student Counter: 1                    Total Donation: $6,225.72           


          Grand Totals:                                                    Student Counter:20         Total Donations: 105761.82     